<?xml version="1.0" encoding="UTF-8"?>
<testsuite xmlns:xsi="http://www.w3.org/2001/XMLSchema-instance" xsi:noNamespaceSchemaLocation="https://maven.apache.org/surefire/maven-surefire-plugin/xsd/surefire-test-report.xsd" name="com.mycompany.app.AppTest" time="0.031" tests="1" errors="0" skipped="0" failures="0">
  <properties>
    <property name="sun.desktop" value="gnome"/>
    <property name="awt.toolkit" value="sun.awt.X11.XToolkit"/>
    <property name="java.specification.version" value="11"/>
    <property name="sun.cpu.isalist" value=""/>
    <property name="sun.jnu.encoding" value="UTF-8"/>
    <property name="java.class.path" value="/home/flurin/soemi-weather/soemi-moen/target/test-classes:/home/flurin/soemi-weather/soemi-moen/target/classes:/home/flurin/.m2/repository/junit/junit/4.11/junit-4.11.jar:/home/flurin/.m2/repository/org/hamcrest/hamcrest-core/1.3/hamcrest-core-1.3.jar:/home/flurin/.m2/repository/org/camunda/bpm/springboot/camunda-bpm-spring-boot-starter/7.16.0/camunda-bpm-spring-boot-starter-7.16.0.jar:/home/flurin/.m2/repository/org/camunda/bpm/camunda-engine-spring/7.16.0/camunda-engine-spring-7.16.0.jar:/home/flurin/.m2/repository/org/camunda/bpm/camunda-engine/7.16.0/camunda-engine-7.16.0.jar:/home/flurin/.m2/repository/org/camunda/bpm/model/camunda-bpmn-model/7.16.0/camunda-bpmn-model-7.16.0.jar:/home/flurin/.m2/repository/org/camunda/bpm/model/camunda-xml-model/7.16.0/camunda-xml-model-7.16.0.jar:/home/flurin/.m2/repository/org/camunda/bpm/model/camunda-cmmn-model/7.16.0/camunda-cmmn-model-7.16.0.jar:/home/flurin/.m2/repository/org/camunda/bpm/dmn/camunda-engine-dmn/7.16.0/camunda-engine-dmn-7.16.0.jar:/home/flurin/.m2/repository/org/camunda/commons/camunda-commons-utils/1.10.0/camunda-commons-utils-1.10.0.jar:/home/flurin/.m2/repository/org/camunda/bpm/model/camunda-dmn-model/7.16.0/camunda-dmn-model-7.16.0.jar:/home/flurin/.m2/repository/org/camunda/bpm/dmn/camunda-engine-feel-api/7.16.0/camunda-engine-feel-api-7.16.0.jar:/home/flurin/.m2/repository/org/camunda/bpm/dmn/camunda-engine-feel-juel/7.16.0/camunda-engine-feel-juel-7.16.0.jar:/home/flurin/.m2/repository/org/camunda/bpm/dmn/camunda-engine-feel-scala/7.16.0/camunda-engine-feel-scala-7.16.0.jar:/home/flurin/.m2/repository/org/camunda/feel/feel-engine/1.13.1/feel-engine-1.13.1-scala-shaded.jar:/home/flurin/.m2/repository/org/camunda/commons/camunda-commons-logging/1.10.0/camunda-commons-logging-1.10.0.jar:/home/flurin/.m2/repository/org/slf4j/slf4j-api/1.7.26/slf4j-api-1.7.26.jar:/home/flurin/.m2/repository/org/camunda/commons/camunda-commons-typed-values/7.16.0/camunda-commons-typed-values-7.16.0.jar:/home/flurin/.m2/repository/org/mybatis/mybatis/3.5.6/mybatis-3.5.6.jar:/home/flurin/.m2/repository/joda-time/joda-time/2.1/joda-time-2.1.jar:/home/flurin/.m2/repository/org/camunda/connect/camunda-connect-core/1.5.2/camunda-connect-core-1.5.2.jar:/home/flurin/.m2/repository/org/camunda/connect/camunda-connect-connectors-all/1.5.2/camunda-connect-connectors-all-1.5.2.jar:/home/flurin/.m2/repository/org/springframework/spring-context/5.3.9/spring-context-5.3.9.jar:/home/flurin/.m2/repository/org/springframework/spring-aop/5.3.9/spring-aop-5.3.9.jar:/home/flurin/.m2/repository/org/springframework/spring-beans/5.3.9/spring-beans-5.3.9.jar:/home/flurin/.m2/repository/org/springframework/spring-core/5.3.9/spring-core-5.3.9.jar:/home/flurin/.m2/repository/org/springframework/spring-jcl/5.3.9/spring-jcl-5.3.9.jar:/home/flurin/.m2/repository/org/springframework/spring-expression/5.3.9/spring-expression-5.3.9.jar:/home/flurin/.m2/repository/org/springframework/spring-jdbc/5.3.9/spring-jdbc-5.3.9.jar:/home/flurin/.m2/repository/org/springframework/spring-tx/5.3.9/spring-tx-5.3.9.jar:/home/flurin/.m2/repository/org/springframework/spring-orm/5.3.9/spring-orm-5.3.9.jar:/home/flurin/.m2/repository/org/springframework/boot/spring-boot-autoconfigure/2.5.4/spring-boot-autoconfigure-2.5.4.jar:/home/flurin/.m2/repository/org/springframework/boot/spring-boot/2.5.4/spring-boot-2.5.4.jar:/home/flurin/.m2/repository/org/springframework/boot/spring-boot-starter/2.5.4/spring-boot-starter-2.5.4.jar:/home/flurin/.m2/repository/org/springframework/boot/spring-boot-starter-logging/2.5.4/spring-boot-starter-logging-2.5.4.jar:/home/flurin/.m2/repository/ch/qos/logback/logback-classic/1.2.5/logback-classic-1.2.5.jar:/home/flurin/.m2/repository/ch/qos/logback/logback-core/1.2.5/logback-core-1.2.5.jar:/home/flurin/.m2/repository/org/apache/logging/log4j/log4j-to-slf4j/2.14.1/log4j-to-slf4j-2.14.1.jar:/home/flurin/.m2/repository/org/apache/logging/log4j/log4j-api/2.14.1/log4j-api-2.14.1.jar:/home/flurin/.m2/repository/org/slf4j/jul-to-slf4j/1.7.32/jul-to-slf4j-1.7.32.jar:/home/flurin/.m2/repository/jakarta/annotation/jakarta.annotation-api/1.3.5/jakarta.annotation-api-1.3.5.jar:/home/flurin/.m2/repository/org/yaml/snakeyaml/1.28/snakeyaml-1.28.jar:/home/flurin/.m2/repository/org/apache/commons/commons-lang3/3.12.0/commons-lang3-3.12.0.jar:/home/flurin/.m2/repository/com/fasterxml/uuid/java-uuid-generator/3.2.0/java-uuid-generator-3.2.0.jar:/home/flurin/.m2/repository/com/sun/xml/bind/jaxb-impl/2.2.4/jaxb-impl-2.2.4.jar:/home/flurin/.m2/repository/javax/xml/bind/jaxb-api/2.2.3/jaxb-api-2.2.3.jar:/home/flurin/.m2/repository/javax/xml/stream/stax-api/1.0-2/stax-api-1.0-2.jar:/home/flurin/.m2/repository/javax/activation/activation/1.1/activation-1.1.jar:"/>
    <property name="java.vm.vendor" value="Ubuntu"/>
    <property name="sun.arch.data.model" value="64"/>
    <property name="java.vendor.url" value="https://ubuntu.com/"/>
    <property name="user.timezone" value=""/>
    <property name="java.vm.specification.version" value="11"/>
    <property name="os.name" value="Linux"/>
    <property name="sun.java.launcher" value="SUN_STANDARD"/>
    <property name="user.country" value="US"/>
    <property name="sun.boot.library.path" value="/usr/lib/jvm/java-11-openjdk-amd64/lib"/>
    <property name="sun.java.command" value="/home/flurin/soemi-weather/soemi-moen/target/surefire/surefirebooter5891523904652225044.jar /home/flurin/soemi-weather/soemi-moen/target/surefire 2024-01-23T14-20-01_593-jvmRun1 surefire15515213011539136570tmp surefire_05600256395465404578tmp"/>
    <property name="jdk.debug" value="release"/>
    <property name="surefire.test.class.path" value="/home/flurin/soemi-weather/soemi-moen/target/test-classes:/home/flurin/soemi-weather/soemi-moen/target/classes:/home/flurin/.m2/repository/junit/junit/4.11/junit-4.11.jar:/home/flurin/.m2/repository/org/hamcrest/hamcrest-core/1.3/hamcrest-core-1.3.jar:/home/flurin/.m2/repository/org/camunda/bpm/springboot/camunda-bpm-spring-boot-starter/7.16.0/camunda-bpm-spring-boot-starter-7.16.0.jar:/home/flurin/.m2/repository/org/camunda/bpm/camunda-engine-spring/7.16.0/camunda-engine-spring-7.16.0.jar:/home/flurin/.m2/repository/org/camunda/bpm/camunda-engine/7.16.0/camunda-engine-7.16.0.jar:/home/flurin/.m2/repository/org/camunda/bpm/model/camunda-bpmn-model/7.16.0/camunda-bpmn-model-7.16.0.jar:/home/flurin/.m2/repository/org/camunda/bpm/model/camunda-xml-model/7.16.0/camunda-xml-model-7.16.0.jar:/home/flurin/.m2/repository/org/camunda/bpm/model/camunda-cmmn-model/7.16.0/camunda-cmmn-model-7.16.0.jar:/home/flurin/.m2/repository/org/camunda/bpm/dmn/camunda-engine-dmn/7.16.0/camunda-engine-dmn-7.16.0.jar:/home/flurin/.m2/repository/org/camunda/commons/camunda-commons-utils/1.10.0/camunda-commons-utils-1.10.0.jar:/home/flurin/.m2/repository/org/camunda/bpm/model/camunda-dmn-model/7.16.0/camunda-dmn-model-7.16.0.jar:/home/flurin/.m2/repository/org/camunda/bpm/dmn/camunda-engine-feel-api/7.16.0/camunda-engine-feel-api-7.16.0.jar:/home/flurin/.m2/repository/org/camunda/bpm/dmn/camunda-engine-feel-juel/7.16.0/camunda-engine-feel-juel-7.16.0.jar:/home/flurin/.m2/repository/org/camunda/bpm/dmn/camunda-engine-feel-scala/7.16.0/camunda-engine-feel-scala-7.16.0.jar:/home/flurin/.m2/repository/org/camunda/feel/feel-engine/1.13.1/feel-engine-1.13.1-scala-shaded.jar:/home/flurin/.m2/repository/org/camunda/commons/camunda-commons-logging/1.10.0/camunda-commons-logging-1.10.0.jar:/home/flurin/.m2/repository/org/slf4j/slf4j-api/1.7.26/slf4j-api-1.7.26.jar:/home/flurin/.m2/repository/org/camunda/commons/camunda-commons-typed-values/7.16.0/camunda-commons-typed-values-7.16.0.jar:/home/flurin/.m2/repository/org/mybatis/mybatis/3.5.6/mybatis-3.5.6.jar:/home/flurin/.m2/repository/joda-time/joda-time/2.1/joda-time-2.1.jar:/home/flurin/.m2/repository/org/camunda/connect/camunda-connect-core/1.5.2/camunda-connect-core-1.5.2.jar:/home/flurin/.m2/repository/org/camunda/connect/camunda-connect-connectors-all/1.5.2/camunda-connect-connectors-all-1.5.2.jar:/home/flurin/.m2/repository/org/springframework/spring-context/5.3.9/spring-context-5.3.9.jar:/home/flurin/.m2/repository/org/springframework/spring-aop/5.3.9/spring-aop-5.3.9.jar:/home/flurin/.m2/repository/org/springframework/spring-beans/5.3.9/spring-beans-5.3.9.jar:/home/flurin/.m2/repository/org/springframework/spring-core/5.3.9/spring-core-5.3.9.jar:/home/flurin/.m2/repository/org/springframework/spring-jcl/5.3.9/spring-jcl-5.3.9.jar:/home/flurin/.m2/repository/org/springframework/spring-expression/5.3.9/spring-expression-5.3.9.jar:/home/flurin/.m2/repository/org/springframework/spring-jdbc/5.3.9/spring-jdbc-5.3.9.jar:/home/flurin/.m2/repository/org/springframework/spring-tx/5.3.9/spring-tx-5.3.9.jar:/home/flurin/.m2/repository/org/springframework/spring-orm/5.3.9/spring-orm-5.3.9.jar:/home/flurin/.m2/repository/org/springframework/boot/spring-boot-autoconfigure/2.5.4/spring-boot-autoconfigure-2.5.4.jar:/home/flurin/.m2/repository/org/springframework/boot/spring-boot/2.5.4/spring-boot-2.5.4.jar:/home/flurin/.m2/repository/org/springframework/boot/spring-boot-starter/2.5.4/spring-boot-starter-2.5.4.jar:/home/flurin/.m2/repository/org/springframework/boot/spring-boot-starter-logging/2.5.4/spring-boot-starter-logging-2.5.4.jar:/home/flurin/.m2/repository/ch/qos/logback/logback-classic/1.2.5/logback-classic-1.2.5.jar:/home/flurin/.m2/repository/ch/qos/logback/logback-core/1.2.5/logback-core-1.2.5.jar:/home/flurin/.m2/repository/org/apache/logging/log4j/log4j-to-slf4j/2.14.1/log4j-to-slf4j-2.14.1.jar:/home/flurin/.m2/repository/org/apache/logging/log4j/log4j-api/2.14.1/log4j-api-2.14.1.jar:/home/flurin/.m2/repository/org/slf4j/jul-to-slf4j/1.7.32/jul-to-slf4j-1.7.32.jar:/home/flurin/.m2/repository/jakarta/annotation/jakarta.annotation-api/1.3.5/jakarta.annotation-api-1.3.5.jar:/home/flurin/.m2/repository/org/yaml/snakeyaml/1.28/snakeyaml-1.28.jar:/home/flurin/.m2/repository/org/apache/commons/commons-lang3/3.12.0/commons-lang3-3.12.0.jar:/home/flurin/.m2/repository/com/fasterxml/uuid/java-uuid-generator/3.2.0/java-uuid-generator-3.2.0.jar:/home/flurin/.m2/repository/com/sun/xml/bind/jaxb-impl/2.2.4/jaxb-impl-2.2.4.jar:/home/flurin/.m2/repository/javax/xml/bind/jaxb-api/2.2.3/jaxb-api-2.2.3.jar:/home/flurin/.m2/repository/javax/xml/stream/stax-api/1.0-2/stax-api-1.0-2.jar:/home/flurin/.m2/repository/javax/activation/activation/1.1/activation-1.1.jar:"/>
    <property name="sun.cpu.endian" value="little"/>
    <property name="user.home" value="/home/flurin"/>
    <property name="user.language" value="en"/>
    <property name="java.specification.vendor" value="Oracle Corporation"/>
    <property name="java.version.date" value="2023-04-18"/>
    <property name="java.home" value="/usr/lib/jvm/java-11-openjdk-amd64"/>
    <property name="file.separator" value="/"/>
    <property name="basedir" value="/home/flurin/soemi-weather/soemi-moen"/>
    <property name="java.vm.compressedOopsMode" value="Zero based"/>
    <property name="line.separator" value="&#10;"/>
    <property name="java.specification.name" value="Java Platform API Specification"/>
    <property name="java.vm.specification.vendor" value="Oracle Corporation"/>
    <property name="java.awt.graphicsenv" value="sun.awt.X11GraphicsEnvironment"/>
    <property name="surefire.real.class.path" value="/home/flurin/soemi-weather/soemi-moen/target/surefire/surefirebooter5891523904652225044.jar"/>
    <property name="sun.management.compiler" value="HotSpot 64-Bit Tiered Compilers"/>
    <property name="java.runtime.version" value="11.0.19+7-post-Ubuntu-0ubuntu122.04.1"/>
    <property name="user.name" value="flurin"/>
    <property name="path.separator" value=":"/>
    <property name="os.version" value="6.6.6-surface-1"/>
    <property name="java.runtime.name" value="OpenJDK Runtime Environment"/>
    <property name="file.encoding" value="UTF-8"/>
    <property name="java.vm.name" value="OpenJDK 64-Bit Server VM"/>
    <property name="localRepository" value="/home/flurin/.m2/repository"/>
    <property name="java.vendor.url.bug" value="https://bugs.launchpad.net/ubuntu/+source/openjdk-lts"/>
    <property name="java.io.tmpdir" value="/tmp"/>
    <property name="java.version" value="11.0.19"/>
    <property name="user.dir" value="/home/flurin/soemi-weather/soemi-moen"/>
    <property name="os.arch" value="amd64"/>
    <property name="java.vm.specification.name" value="Java Virtual Machine Specification"/>
    <property name="java.awt.printerjob" value="sun.print.PSPrinterJob"/>
    <property name="sun.os.patch.level" value="unknown"/>
    <property name="java.library.path" value="/usr/java/packages/lib:/usr/lib/x86_64-linux-gnu/jni:/lib/x86_64-linux-gnu:/usr/lib/x86_64-linux-gnu:/usr/lib/jni:/lib:/usr/lib"/>
    <property name="java.vm.info" value="mixed mode, sharing"/>
    <property name="java.vendor" value="Ubuntu"/>
    <property name="java.vm.version" value="11.0.19+7-post-Ubuntu-0ubuntu122.04.1"/>
    <property name="sun.io.unicode.encoding" value="UnicodeLittle"/>
    <property name="java.class.version" value="55.0"/>
  </properties>
  <testcase name="shouldAnswerWithTrue" classname="com.mycompany.app.AppTest" time="0.002"/>
</testsuite>